<?xml version="1.0" encoding="UTF-8"?>
<testsuite xmlns:xsi="http://www.w3.org/2001/XMLSchema-instance" xsi:noNamespaceSchemaLocation="https://maven.apache.org/surefire/maven-surefire-plugin/xsd/surefire-test-report-3.0.xsd" version="3.0" name="com.ecommerce.user.controller.UserControllerTest" time="6.974" tests="6" errors="0" skipped="0" failures="0">
  <properties>
[...]
</properties>
  <testcase name="loginWrongPassword" classname="com.ecommerce.user.controller.UserControllerTest" time="0.251">
    <system-out><![CDATA[13:43:40.073 [main] INFO org.springframework.test.context.support.AnnotationConfigContextLoaderUtils -- Could not detect default configuration classes for test class [com.ecommerce.user.controller.UserControllerTest]: UserControllerTest does not declare any static, non-private, non-final, nested classes annotated with @Configuration.
13:43:40.212 [main] INFO org.springframework.boot.test.context.SpringBootTestContextBootstrapper -- Found @SpringBootConfiguration com.ecommerce.user.UserServiceApplication for test class com.ecommerce.user.controller.UserControllerTest
2025-03-18T13:43:40.734+08:00  WARN 25088 --- [           main] c.a.nacos.client.logging.NacosLogging    : Load Logback Configuration of Nacos fail, message: org/slf4j/impl/StaticLoggerBinder

  .   ____          _            __ _ _
 /\\ / ___'_ __ _ _(_)_ __  __ _ \ \ \ \
( ( )\___ | '_ | '_| | '_ \/ _` | \ \ \ \
 \\/  ___)| |_)| | | | | || (_| |  ) ) ) )
  '  |____| .__|_| |_|_| |_\__, | / / / /
 =========|_|==============|___/=/_/_/_/
 :: Spring Boot ::                (v3.1.5)

2025-03-18T13:43:40.836+08:00  WARN 25088 --- [           main] c.a.nacos.client.logging.NacosLogging    : Load Logback Configuration of Nacos fail, message: org/slf4j/impl/StaticLoggerBinder
2025-03-18T13:43:40.858+08:00  INFO 25088 --- [           main] c.e.user.controller.UserControllerTest   : Starting UserControllerTest using Java 21.0.6 with PID 25088 (started by 林先生 in C:\Users\86180\IdeaProjects\电商微服务\user-service)
2025-03-18T13:43:40.859+08:00  INFO 25088 --- [           main] c.e.user.controller.UserControllerTest   : No active profile set, falling back to 1 default profile: "default"
2025-03-18T13:43:41.686+08:00  INFO 25088 --- [           main] .s.d.r.c.RepositoryConfigurationDelegate : Bootstrapping Spring Data JPA repositories in DEFAULT mode.
2025-03-18T13:43:41.713+08:00  INFO 25088 --- [           main] .s.d.r.c.RepositoryConfigurationDelegate : Finished Spring Data repository scanning in 18 ms. Found 0 JPA repository interfaces.
2025-03-18T13:43:41.946+08:00  INFO 25088 --- [           main] o.s.cloud.context.scope.GenericScope     : BeanFactory id=9a2a163c-83cf-3560-94ed-21f079cceb6e
2025-03-18T13:43:43.769+08:00  INFO 25088 --- [           main] com.zaxxer.hikari.HikariDataSource       : HikariPool-1 - Starting...
2025-03-18T13:43:44.074+08:00  INFO 25088 --- [           main] com.zaxxer.hikari.pool.HikariPool        : HikariPool-1 - Added connection com.mysql.cj.jdbc.ConnectionImpl@671da0f9
2025-03-18T13:43:44.079+08:00  INFO 25088 --- [           main] com.zaxxer.hikari.HikariDataSource       : HikariPool-1 - Start completed.
2025-03-18T13:43:44.168+08:00  INFO 25088 --- [           main] o.hibernate.jpa.internal.util.LogHelper  : HHH000204: Processing PersistenceUnitInfo [name: default]
2025-03-18T13:43:44.332+08:00  INFO 25088 --- [           main] org.hibernate.Version                    : HHH000412: Hibernate ORM core version 6.2.13.Final
2025-03-18T13:43:44.339+08:00  INFO 25088 --- [           main] org.hibernate.cfg.Environment            : HHH000406: Using bytecode reflection optimizer
2025-03-18T13:43:44.522+08:00  INFO 25088 --- [           main] o.s.o.j.p.SpringPersistenceUnitInfo      : No LoadTimeWeaver setup: ignoring JPA class transformer
2025-03-18T13:43:45.063+08:00  INFO 25088 --- [           main] o.h.e.t.j.p.i.JtaPlatformInitiator       : HHH000489: No JTA platform available (set 'hibernate.transaction.jta.platform' to enable JTA platform integration)
2025-03-18T13:43:45.072+08:00  INFO 25088 --- [           main] j.LocalContainerEntityManagerFactoryBean : Initialized JPA EntityManagerFactory for persistence unit 'default'
2025-03-18T13:43:45.385+08:00  WARN 25088 --- [           main] JpaBaseConfiguration$JpaWebConfiguration : spring.jpa.open-in-view is enabled by default. Therefore, database queries may be performed during view rendering. Explicitly configure spring.jpa.open-in-view to disable this warning
 _ _   |_  _ _|_. ___ _ |    _ 
| | |\/|_)(_| | |_\  |_)||_|_\ 
     /               |         
                        3.5.3.1 
2025-03-18T13:43:46.170+08:00  INFO 25088 --- [           main] o.s.b.t.m.w.SpringBootMockServletContext : Initializing Spring TestDispatcherServlet ''
2025-03-18T13:43:46.170+08:00  INFO 25088 --- [           main] o.s.t.web.servlet.TestDispatcherServlet  : Initializing Servlet ''
2025-03-18T13:43:46.170+08:00  INFO 25088 --- [           main] o.s.t.web.servlet.TestDispatcherServlet  : Completed initialization in 0 ms
2025-03-18T13:43:46.490+08:00  INFO 25088 --- [           main] c.e.user.controller.UserControllerTest   : Started UserControllerTest in 6.088 seconds (process running for 7.303)
]]></system-out>
    <system-err><![CDATA[WARNING: A Java agent has been loaded dynamically (C:\Users\86180\.m2\repository\net\bytebuddy\byte-buddy-agent\1.14.9\byte-buddy-agent-1.14.9.jar)
WARNING: If a serviceability tool is in use, please run with -XX:+EnableDynamicAgentLoading to hide this warning
WARNING: If a serviceability tool is not in use, please run with -Djdk.instrument.traceUsage for more information
WARNING: Dynamic loading of agents will be disallowed by default in a future release
]]></system-err>
  </testcase>
  <testcase name="registerSuccess" classname="com.ecommerce.user.controller.UserControllerTest" time="0.0"/>
  <testcase name="getUserNotExist" classname="com.ecommerce.user.controller.UserControllerTest" time="0.019"/>
  <testcase name="registerDuplicateUser" classname="com.ecommerce.user.controller.UserControllerTest" time="0.0"/>
  <testcase name="getUserExist" classname="com.ecommerce.user.controller.UserControllerTest" time="0.05"/>
  <testcase name="loginSuccess" classname="com.ecommerce.user.controller.UserControllerTest" time="0.0"/>
</testsuite>